[2026-04-18T13:08:28.405Z] [tool_1776517705_zixn] [LOG] RENDER_SUCCESS
[2026-04-18T13:08:28.409Z] [tool_1776517705_zixn] [LOG] [FETCH_START] {
  "func": "get_projects",
  "module": "apps.ml_projects_showcase.backend.main"
}
[2026-04-18T13:08:29.916Z] [manual_1617645] [LOG] RENDER_SUCCESS
[2026-04-18T13:08:29.917Z] [manual_1617645] [LOG] [FETCH_START] {
  "func": "get_projects",
  "module": "apps.ml_projects_showcase.backend.main"
}
[2026-04-18T13:08:30.843Z] [tool_1776517705_zixn] [LOG] [FETCH_RESPONSE] {
  "status": 200,
  "contentType": "application/json"
}
[2026-04-18T13:08:30.844Z] [tool_1776517705_zixn] [LOG] [PARSE_SUCCESS] {
  "keys": [
    "0",
    "1"
  ]
}
[2026-04-18T13:08:33.809Z] [manual_1617645] [LOG] [FETCH_RESPONSE] {
  "status": 200,
  "contentType": "application/json"
}
[2026-04-18T13:08:33.810Z] [manual_1617645] [LOG] [PARSE_SUCCESS] {
  "keys": [
    "0",
    "1"
  ]
}
[2026-04-18T13:09:01.799Z] [tool_1776517739_3r3f] [LOG] RENDER_SUCCESS
[2026-04-18T13:09:01.804Z] [tool_1776517739_3r3f] [LOG] [FETCH_START] {
  "func": "get_projects",
  "module": "apps.ml_projects_showcase.backend.main"
}
[2026-04-18T13:09:04.640Z] [tool_1776517739_3r3f] [LOG] [FETCH_RESPONSE] {
  "status": 200,
  "contentType": "application/json"
}
[2026-04-18T13:09:04.641Z] [tool_1776517739_3r3f] [LOG] [PARSE_SUCCESS] {
  "keys": [
    "0",
    "1"
  ]
}
[2026-04-18T13:09:10.925Z] [manual_1617686] [LOG] RENDER_SUCCESS
[2026-04-18T13:09:10.926Z] [manual_1617686] [LOG] [CACHE_HIT] {
  "func": "get_projects",
  "module": "apps.ml_projects_showcase.backend.main"
}
[2026-04-18T13:09:13.258Z] [manual_1617686] [LOG] [FETCH_RESPONSE] {
  "status": 200,
  "contentType": "application/json"
}
[2026-04-18T13:09:13.259Z] [manual_1617686] [LOG] [PARSE_SUCCESS] {
  "keys": [
    "0",
    "1"
  ]
}
[2026-04-18T13:09:13.941Z] [run_1776517753_bo0g] [LOG] RENDER_SUCCESS
[2026-04-18T13:09:13.942Z] [run_1776517753_bo0g] [LOG] [CACHE_HIT] {
  "func": "get_projects",
  "module": "apps.ml_projects_showcase.backend.main"
}
[2026-04-18T13:09:16.376Z] [run_1776517753_bo0g] [LOG] [FETCH_RESPONSE] {
  "status": 200,
  "contentType": "application/json"
}
[2026-04-18T13:09:16.376Z] [run_1776517753_bo0g] [LOG] [PARSE_SUCCESS] {
  "keys": [
    "0",
    "1"
  ]
}
[2026-04-18T13:09:39.219Z] [manual_1617715] [LOG] RENDER_SUCCESS
[2026-04-18T13:09:39.222Z] [manual_1617715] [LOG] [FETCH_START] {
  "func": "get_projects",
  "module": "apps.ml_projects_showcase.backend.main"
}
[2026-04-18T13:09:41.882Z] [manual_1617715] [LOG] [FETCH_RESPONSE] {
  "status": 200,
  "contentType": "application/json"
}
[2026-04-18T13:09:41.883Z] [manual_1617715] [LOG] [PARSE_SUCCESS] {
  "keys": [
    "0",
    "1"
  ]
}
[2026-04-18T13:10:17.985Z] [manual_1617715] [LOG] [ACTION_START] predict {
  "projectId": "obesity",
  "formData": {
    "Gender": "Female",
    "Age": "25",
    "Height": "1.8",
    "Weight": "80",
    "family_history_with_overweight": "yes",
    "FAVC": "yes",
    "FCVC": 2,
    "NCP": 2.5,
    "CAEC": "no",
    "SMOKE": "yes",
    "CH2O": 2,
    "SCC": "yes",
    "FAF": 1.5,
    "TUE": 1,
    "CALC": "no",
    "MTRANS": "Public_Transportation"
  }
}
[2026-04-18T13:10:17.987Z] [manual_1617715] [LOG] [FETCH_START] {
  "func": "predict_obesity",
  "module": "apps.ml_projects_showcase.backend.main"
}
[2026-04-18T13:10:23.103Z] [manual_1617715] [LOG] [FETCH_RESPONSE] {
  "status": 200,
  "contentType": "application/json"
}
[2026-04-18T13:10:23.104Z] [manual_1617715] [LOG] [PARSE_SUCCESS] {
  "keys": [
    "prediction",
    "probability"
  ]
}
[2026-04-18T13:11:08.523Z] [run_1776517753_bo0g] [LOG] [FETCH_START] {
  "func": "get_data_sample",
  "module": "apps.ml_projects_showcase.backend.main"
}
[2026-04-18T13:11:11.096Z] [run_1776517753_bo0g] [LOG] [FETCH_RESPONSE] {
  "status": 200,
  "contentType": "application/json"
}
[2026-04-18T13:11:11.098Z] [run_1776517753_bo0g] [LOG] [PARSE_SUCCESS] {
  "keys": [
    "0",
    "1",
    "2",
    "3",
    "4",
    "5",
    "6",
    "7"
  ]
}
[2026-04-18T13:13:47.169Z] [run_1776517753_bo0g] [LOG] [ACTION_START] predict {
  "projectId": "obesity",
  "formData": {
    "Gender": "Male",
    "Age": "29",
    "Height": "1.8",
    "Weight": "69",
    "family_history_with_overweight": "no",
    "FAVC": "yes",
    "FCVC": "2",
    "NCP": "3",
    "CAEC": "Frequently",
    "SMOKE": "no",
    "CH2O": "2",
    "SCC": "no",
    "FAF": "2",
    "TUE": "2",
    "CALC": "no",
    "MTRANS": "Walking"
  }
}
[2026-04-18T13:13:47.169Z] [run_1776517753_bo0g] [LOG] [FETCH_START] {
  "func": "predict_obesity",
  "module": "apps.ml_projects_showcase.backend.main"
}
[2026-04-18T13:13:51.599Z] [run_1776517753_bo0g] [LOG] [FETCH_RESPONSE] {
  "status": 200,
  "contentType": "application/json"
}
[2026-04-18T13:13:51.600Z] [run_1776517753_bo0g] [LOG] [PARSE_SUCCESS] {
  "keys": [
    "prediction",
    "probability"
  ]
}
[2026-04-18T13:14:06.887Z] [run_1776517753_bo0g] [LOG] [CACHE_HIT] {
  "func": "get_data_sample",
  "module": "apps.ml_projects_showcase.backend.main"
}
[2026-04-18T13:14:09.534Z] [run_1776517753_bo0g] [LOG] [FETCH_RESPONSE] {
  "status": 200,
  "contentType": "application/json"
}
[2026-04-18T13:14:09.535Z] [run_1776517753_bo0g] [LOG] [PARSE_SUCCESS] {
  "keys": [
    "0",
    "1",
    "2",
    "3",
    "4",
    "5",
    "6",
    "7"
  ]
}
[2026-04-18T13:14:39.805Z] [run_1776517753_bo0g] [LOG] [ACTION_START] predict {
  "projectId": "breast_cancer",
  "formData": {
    "Radius_Mean": 5,
    "Texture_Mean": 5,
    "Perimeter_Mean": 5,
    "Area_Mean": 5,
    "Smoothness_Mean": 5,
    "Compactness_Mean": 5,
    "Concavity_Mean": 5,
    "Concave_Points_Mean": 5,
    "Symmetry_Mean": 5,
    "Radius_Se": 5,
    "Perimeter_Se": 5,
    "Area_Se": 5,
    "Compactness_Se": 5,
    "Concavity_Se": 5,
    "Concave_Points_Se": 5,
    "Fractal_Dimension_Se": 5,
    "Radius_Worst": 5,
    "Texture_Worst": 5,
    "Perimeter_Worst": 5,
    "Area_Worst": 5,
    "Smoothness_Worst": 5,
    "Compactness_Worst": 5,
    "Concavity_Worst": 5,
    "Concave_Points_Worst": 5,
    "Symmetry_Worst": 5,
    "Fractal_Dimension_Worst": 5
  }
}
[2026-04-18T13:14:39.806Z] [run_1776517753_bo0g] [LOG] [FETCH_START] {
  "func": "predict_breast_cancer",
  "module": "apps.ml_projects_showcase.backend.main"
}
[2026-04-18T13:14:43.926Z] [run_1776517753_bo0g] [LOG] [FETCH_RESPONSE] {
  "status": 200,
  "contentType": "application/json"
}
[2026-04-18T13:14:43.927Z] [run_1776517753_bo0g] [LOG] [PARSE_SUCCESS] {
  "keys": [
    "prediction",
    "probability"
  ]
}
[2026-04-18T13:15:38.313Z] [published_843ba1105587] [LOG] RENDER_SUCCESS
[2026-04-18T13:15:38.314Z] [published_843ba1105587] [LOG] [FETCH_START] {
  "func": "get_projects",
  "module": "apps.ml_projects_showcase.backend.main"
}
[2026-04-18T13:15:40.624Z] [published_843ba1105587] [LOG] [FETCH_RESPONSE] {
  "status": 200,
  "contentType": "application/json"
}
[2026-04-18T13:15:40.624Z] [published_843ba1105587] [LOG] [PARSE_SUCCESS] {
  "keys": [
    "0",
    "1"
  ]
}
[2026-04-18T13:58:03.540Z] [run_1776517753_bo0g] [LOG] RENDER_SUCCESS
[2026-04-18T13:58:03.540Z] [run_1776517753_bo0g] [LOG] [CACHE_HIT] {
  "func": "get_projects",
  "module": "apps.ml_projects_showcase.backend.main"
}
[2026-04-18T13:58:07.788Z] [run_1776517753_bo0g] [LOG] [FETCH_RESPONSE] {
  "status": 200,
  "contentType": "application/json"
}
[2026-04-18T13:58:07.789Z] [run_1776517753_bo0g] [LOG] [PARSE_SUCCESS] {
  "keys": [
    "0",
    "1"
  ]
}
[2026-04-18T13:59:26.492Z] [published_843ba1105587] [LOG] RENDER_SUCCESS
[2026-04-18T13:59:26.494Z] [published_843ba1105587] [LOG] [CACHE_HIT] {
  "func": "get_projects",
  "module": "apps.ml_projects_showcase.backend.main"
}
[2026-04-18T13:59:28.900Z] [published_843ba1105587] [LOG] [FETCH_RESPONSE] {
  "status": 200,
  "contentType": "application/json"
}
[2026-04-18T13:59:28.916Z] [published_843ba1105587] [LOG] [PARSE_SUCCESS] {
  "keys": [
    "0",
    "1"
  ]
}
[2026-04-18T14:07:18.801Z] [run_1776517753_bo0g] [LOG] RENDER_SUCCESS
[2026-04-18T14:07:18.802Z] [run_1776517753_bo0g] [LOG] [CACHE_HIT] {
  "func": "get_projects",
  "module": "apps.ml_projects_showcase.backend.main"
}
[2026-04-18T14:07:21.712Z] [run_1776517753_bo0g] [LOG] [FETCH_RESPONSE] {
  "status": 200,
  "contentType": "application/json"
}
[2026-04-18T14:07:21.713Z] [run_1776517753_bo0g] [LOG] [PARSE_SUCCESS] {
  "keys": [
    "0",
    "1"
  ]
}
